2025-03-02T01:28:38.432+05:30  INFO 13932 --- [EmployeePayrollApp] [restartedMain] c.b.e.EmployeePayrollAppApplication      : Starting EmployeePayrollAppApplication using Java 23.0.1 with PID 13932 (C:\Spring Employee Payroll App Development\EmployeePayrollApp\target\classes started by Asus in C:\Spring Employee Payroll App Development\EmployeePayrollApp)
2025-03-02T01:28:38.440+05:30 DEBUG 13932 --- [EmployeePayrollApp] [restartedMain] c.b.e.EmployeePayrollAppApplication      : Running with Spring Boot v3.4.3, Spring v6.2.3
2025-03-02T01:28:38.441+05:30  INFO 13932 --- [EmployeePayrollApp] [restartedMain] c.b.e.EmployeePayrollAppApplication      : The following 1 profile is active: "prod"
2025-03-02T01:28:42.053+05:30  INFO 13932 --- [EmployeePayrollApp] [restartedMain] o.apache.catalina.core.StandardService   : Starting service [Tomcat]
2025-03-02T01:28:42.054+05:30  INFO 13932 --- [EmployeePayrollApp] [restartedMain] o.apache.catalina.core.StandardEngine    : Starting Servlet engine: [Apache Tomcat/10.1.36]
2025-03-02T01:28:42.146+05:30  INFO 13932 --- [EmployeePayrollApp] [restartedMain] o.a.c.c.C.[Tomcat].[localhost].[/]       : Initializing Spring embedded WebApplicationContext
2025-03-02T01:28:42.813+05:30  INFO 13932 --- [EmployeePayrollApp] [restartedMain] o.hibernate.jpa.internal.util.LogHelper  : HHH000204: Processing PersistenceUnitInfo [name: default]
2025-03-02T01:28:42.968+05:30  INFO 13932 --- [EmployeePayrollApp] [restartedMain] org.hibernate.Version                    : HHH000412: Hibernate ORM core version 6.6.8.Final
2025-03-02T01:28:43.027+05:30  INFO 13932 --- [EmployeePayrollApp] [restartedMain] o.h.c.internal.RegionFactoryInitiator    : HHH000026: Second-level cache disabled
2025-03-02T01:28:43.594+05:30  INFO 13932 --- [EmployeePayrollApp] [restartedMain] com.zaxxer.hikari.HikariDataSource       : HikariPool-1 - Starting...
2025-03-02T01:28:44.315+05:30  INFO 13932 --- [EmployeePayrollApp] [restartedMain] com.zaxxer.hikari.pool.HikariPool        : HikariPool-1 - Added connection com.mysql.cj.jdbc.ConnectionImpl@19de47fb
2025-03-02T01:28:44.319+05:30  INFO 13932 --- [EmployeePayrollApp] [restartedMain] com.zaxxer.hikari.HikariDataSource       : HikariPool-1 - Start completed.
2025-03-02T01:28:44.469+05:30  INFO 13932 --- [EmployeePayrollApp] [restartedMain] org.hibernate.orm.connections.pooling    : HHH10001005: Database info:
	Database JDBC URL [Connecting through datasource 'HikariDataSource (HikariPool-1)']
	Database driver: undefined/unknown
	Database version: 8.0.41
	Autocommit mode: undefined/unknown
	Isolation level: undefined/unknown
	Minimum pool size: undefined/unknown
	Maximum pool size: undefined/unknown
2025-03-02T01:28:44.995+05:30  INFO 13932 --- [EmployeePayrollApp] [restartedMain] o.h.e.t.j.p.i.JtaPlatformInitiator       : HHH000489: No JTA platform available (set 'hibernate.transaction.jta.platform' to enable JTA platform integration)
2025-03-02T01:28:45.021+05:30  WARN 13932 --- [EmployeePayrollApp] [restartedMain] ConfigServletWebServerApplicationContext : Exception encountered during context initialization - cancelling refresh attempt: org.springframework.beans.factory.BeanCreationException: Error creating bean with name 'employeeRestController': Lookup method resolution failed
2025-03-02T01:28:45.030+05:30  INFO 13932 --- [EmployeePayrollApp] [restartedMain] com.zaxxer.hikari.HikariDataSource       : HikariPool-1 - Shutdown initiated...
2025-03-02T01:28:45.062+05:30  INFO 13932 --- [EmployeePayrollApp] [restartedMain] com.zaxxer.hikari.HikariDataSource       : HikariPool-1 - Shutdown completed.
2025-03-02T01:28:45.066+05:30  INFO 13932 --- [EmployeePayrollApp] [restartedMain] o.apache.catalina.core.StandardService   : Stopping service [Tomcat]
2025-03-02T01:28:45.189+05:30 ERROR 13932 --- [EmployeePayrollApp] [restartedMain] o.s.boot.SpringApplication               : Application run failed

org.springframework.beans.factory.BeanCreationException: Error creating bean with name 'employeeRestController': Lookup method resolution failed
	at org.springframework.beans.factory.annotation.AutowiredAnnotationBeanPostProcessor.checkLookupMethods(AutowiredAnnotationBeanPostProcessor.java:498) ~[spring-beans-6.2.3.jar:6.2.3]
	at org.springframework.beans.factory.annotation.AutowiredAnnotationBeanPostProcessor.determineCandidateConstructors(AutowiredAnnotationBeanPostProcessor.java:368) ~[spring-beans-6.2.3.jar:6.2.3]
	at org.springframework.beans.factory.support.AbstractAutowireCapableBeanFactory.determineConstructorsFromBeanPostProcessors(AbstractAutowireCapableBeanFactory.java:1320) ~[spring-beans-6.2.3.jar:6.2.3]
	at org.springframework.beans.factory.support.AbstractAutowireCapableBeanFactory.createBeanInstance(AbstractAutowireCapableBeanFactory.java:1215) ~[spring-beans-6.2.3.jar:6.2.3]
	at org.springframework.beans.factory.support.AbstractAutowireCapableBeanFactory.doCreateBean(AbstractAutowireCapableBeanFactory.java:563) ~[spring-beans-6.2.3.jar:6.2.3]
	at org.springframework.beans.factory.support.AbstractAutowireCapableBeanFactory.createBean(AbstractAutowireCapableBeanFactory.java:523) ~[spring-beans-6.2.3.jar:6.2.3]
	at org.springframework.beans.factory.support.AbstractBeanFactory.lambda$doGetBean$0(AbstractBeanFactory.java:339) ~[spring-beans-6.2.3.jar:6.2.3]
	at org.springframework.beans.factory.support.DefaultSingletonBeanRegistry.getSingleton(DefaultSingletonBeanRegistry.java:346) ~[spring-beans-6.2.3.jar:6.2.3]
	at org.springframework.beans.factory.support.AbstractBeanFactory.doGetBean(AbstractBeanFactory.java:337) ~[spring-beans-6.2.3.jar:6.2.3]
	at org.springframework.beans.factory.support.AbstractBeanFactory.getBean(AbstractBeanFactory.java:202) ~[spring-beans-6.2.3.jar:6.2.3]
	at org.springframework.beans.factory.support.DefaultListableBeanFactory.instantiateSingleton(DefaultListableBeanFactory.java:1155) ~[spring-beans-6.2.3.jar:6.2.3]
	at org.springframework.beans.factory.support.DefaultListableBeanFactory.preInstantiateSingleton(DefaultListableBeanFactory.java:1121) ~[spring-beans-6.2.3.jar:6.2.3]
	at org.springframework.beans.factory.support.DefaultListableBeanFactory.preInstantiateSingletons(DefaultListableBeanFactory.java:1056) ~[spring-beans-6.2.3.jar:6.2.3]
	at org.springframework.context.support.AbstractApplicationContext.finishBeanFactoryInitialization(AbstractApplicationContext.java:987) ~[spring-context-6.2.3.jar:6.2.3]
	at org.springframework.context.support.AbstractApplicationContext.refresh(AbstractApplicationContext.java:627) ~[spring-context-6.2.3.jar:6.2.3]
	at org.springframework.boot.web.servlet.context.ServletWebServerApplicationContext.refresh(ServletWebServerApplicationContext.java:146) ~[spring-boot-3.4.3.jar:3.4.3]
	at org.springframework.boot.SpringApplication.refresh(SpringApplication.java:752) ~[spring-boot-3.4.3.jar:3.4.3]
	at org.springframework.boot.SpringApplication.refreshContext(SpringApplication.java:439) ~[spring-boot-3.4.3.jar:3.4.3]
	at org.springframework.boot.SpringApplication.run(SpringApplication.java:318) ~[spring-boot-3.4.3.jar:3.4.3]
	at org.springframework.boot.SpringApplication.run(SpringApplication.java:1361) ~[spring-boot-3.4.3.jar:3.4.3]
	at org.springframework.boot.SpringApplication.run(SpringApplication.java:1350) ~[spring-boot-3.4.3.jar:3.4.3]
	at com.bridgelabz.employeepayrollapp.EmployeePayrollAppApplication.main(EmployeePayrollAppApplication.java:15) ~[classes/:na]
	at java.base/jdk.internal.reflect.DirectMethodHandleAccessor.invoke(DirectMethodHandleAccessor.java:103) ~[na:na]
	at java.base/java.lang.reflect.Method.invoke(Method.java:580) ~[na:na]
	at org.springframework.boot.devtools.restart.RestartLauncher.run(RestartLauncher.java:50) ~[spring-boot-devtools-3.4.3.jar:3.4.3]
Caused by: java.lang.IllegalStateException: Failed to introspect Class [com.bridgelabz.employeepayrollapp.controller.EmployeeRestController] from ClassLoader [org.springframework.boot.devtools.restart.classloader.RestartClassLoader@414821]
	at org.springframework.util.ReflectionUtils.getDeclaredMethods(ReflectionUtils.java:483) ~[spring-core-6.2.3.jar:6.2.3]
	at org.springframework.util.ReflectionUtils.doWithLocalMethods(ReflectionUtils.java:320) ~[spring-core-6.2.3.jar:6.2.3]
	at org.springframework.beans.factory.annotation.AutowiredAnnotationBeanPostProcessor.checkLookupMethods(AutowiredAnnotationBeanPostProcessor.java:476) ~[spring-beans-6.2.3.jar:6.2.3]
	... 24 common frames omitted
Caused by: java.lang.NoClassDefFoundError: EmployeePayrollDTO
	at java.base/java.lang.Class.getDeclaredMethods0(Native Method) ~[na:na]
	at java.base/java.lang.Class.privateGetDeclaredMethods(Class.java:3650) ~[na:na]
	at java.base/java.lang.Class.getDeclaredMethods(Class.java:2735) ~[na:na]
	at org.springframework.util.ReflectionUtils.getDeclaredMethods(ReflectionUtils.java:465) ~[spring-core-6.2.3.jar:6.2.3]
	... 26 common frames omitted
Caused by: java.lang.ClassNotFoundException: EmployeePayrollDTO
	at java.base/jdk.internal.loader.BuiltinClassLoader.loadClass(BuiltinClassLoader.java:641) ~[na:na]
	at java.base/jdk.internal.loader.ClassLoaders$AppClassLoader.loadClass(ClassLoaders.java:188) ~[na:na]
	at java.base/java.lang.ClassLoader.loadClass(ClassLoader.java:528) ~[na:na]
	at java.base/java.lang.Class.forName0(Native Method) ~[na:na]
	at java.base/java.lang.Class.forName(Class.java:578) ~[na:na]
	at java.base/java.lang.Class.forName(Class.java:557) ~[na:na]
	at org.springframework.boot.devtools.restart.classloader.RestartClassLoader.loadClass(RestartClassLoader.java:121) ~[spring-boot-devtools-3.4.3.jar:3.4.3]
	at java.base/java.lang.ClassLoader.loadClass(ClassLoader.java:528) ~[na:na]
	... 30 common frames omitted

2025-03-02T01:30:00.258+05:30  INFO 6764 --- [EmployeePayrollApp] [restartedMain] c.b.e.EmployeePayrollAppApplication      : Starting EmployeePayrollAppApplication using Java 23.0.1 with PID 6764 (C:\Spring Employee Payroll App Development\EmployeePayrollApp\target\classes started by Asus in C:\Spring Employee Payroll App Development\EmployeePayrollApp)
2025-03-02T01:30:00.261+05:30 DEBUG 6764 --- [EmployeePayrollApp] [restartedMain] c.b.e.EmployeePayrollAppApplication      : Running with Spring Boot v3.4.3, Spring v6.2.3
2025-03-02T01:30:00.263+05:30  INFO 6764 --- [EmployeePayrollApp] [restartedMain] c.b.e.EmployeePayrollAppApplication      : The following 1 profile is active: "prod"
2025-03-02T01:30:01.936+05:30  INFO 6764 --- [EmployeePayrollApp] [restartedMain] o.apache.catalina.core.StandardService   : Starting service [Tomcat]
2025-03-02T01:30:01.936+05:30  INFO 6764 --- [EmployeePayrollApp] [restartedMain] o.apache.catalina.core.StandardEngine    : Starting Servlet engine: [Apache Tomcat/10.1.36]
2025-03-02T01:30:01.991+05:30  INFO 6764 --- [EmployeePayrollApp] [restartedMain] o.a.c.c.C.[Tomcat].[localhost].[/]       : Initializing Spring embedded WebApplicationContext
2025-03-02T01:30:02.165+05:30  INFO 6764 --- [EmployeePayrollApp] [restartedMain] o.hibernate.jpa.internal.util.LogHelper  : HHH000204: Processing PersistenceUnitInfo [name: default]
2025-03-02T01:30:02.256+05:30  INFO 6764 --- [EmployeePayrollApp] [restartedMain] org.hibernate.Version                    : HHH000412: Hibernate ORM core version 6.6.8.Final
2025-03-02T01:30:02.311+05:30  INFO 6764 --- [EmployeePayrollApp] [restartedMain] o.h.c.internal.RegionFactoryInitiator    : HHH000026: Second-level cache disabled
2025-03-02T01:30:02.739+05:30  INFO 6764 --- [EmployeePayrollApp] [restartedMain] com.zaxxer.hikari.HikariDataSource       : HikariPool-1 - Starting...
2025-03-02T01:30:03.387+05:30  INFO 6764 --- [EmployeePayrollApp] [restartedMain] com.zaxxer.hikari.pool.HikariPool        : HikariPool-1 - Added connection com.mysql.cj.jdbc.ConnectionImpl@78fe92e7
2025-03-02T01:30:03.390+05:30  INFO 6764 --- [EmployeePayrollApp] [restartedMain] com.zaxxer.hikari.HikariDataSource       : HikariPool-1 - Start completed.
2025-03-02T01:30:03.509+05:30  INFO 6764 --- [EmployeePayrollApp] [restartedMain] org.hibernate.orm.connections.pooling    : HHH10001005: Database info:
	Database JDBC URL [Connecting through datasource 'HikariDataSource (HikariPool-1)']
	Database driver: undefined/unknown
	Database version: 8.0.41
	Autocommit mode: undefined/unknown
	Isolation level: undefined/unknown
	Minimum pool size: undefined/unknown
	Maximum pool size: undefined/unknown
2025-03-02T01:30:03.936+05:30  INFO 6764 --- [EmployeePayrollApp] [restartedMain] o.h.e.t.j.p.i.JtaPlatformInitiator       : HHH000489: No JTA platform available (set 'hibernate.transaction.jta.platform' to enable JTA platform integration)
2025-03-02T01:30:03.955+05:30  WARN 6764 --- [EmployeePayrollApp] [restartedMain] ConfigServletWebServerApplicationContext : Exception encountered during context initialization - cancelling refresh attempt: org.springframework.beans.factory.BeanCreationException: Error creating bean with name 'employeeRestController': Lookup method resolution failed
2025-03-02T01:30:03.961+05:30  INFO 6764 --- [EmployeePayrollApp] [restartedMain] com.zaxxer.hikari.HikariDataSource       : HikariPool-1 - Shutdown initiated...
2025-03-02T01:30:03.992+05:30  INFO 6764 --- [EmployeePayrollApp] [restartedMain] com.zaxxer.hikari.HikariDataSource       : HikariPool-1 - Shutdown completed.
2025-03-02T01:30:03.995+05:30  INFO 6764 --- [EmployeePayrollApp] [restartedMain] o.apache.catalina.core.StandardService   : Stopping service [Tomcat]
2025-03-02T01:30:04.037+05:30 ERROR 6764 --- [EmployeePayrollApp] [restartedMain] o.s.boot.SpringApplication               : Application run failed

org.springframework.beans.factory.BeanCreationException: Error creating bean with name 'employeeRestController': Lookup method resolution failed
	at org.springframework.beans.factory.annotation.AutowiredAnnotationBeanPostProcessor.checkLookupMethods(AutowiredAnnotationBeanPostProcessor.java:498) ~[spring-beans-6.2.3.jar:6.2.3]
	at org.springframework.beans.factory.annotation.AutowiredAnnotationBeanPostProcessor.determineCandidateConstructors(AutowiredAnnotationBeanPostProcessor.java:368) ~[spring-beans-6.2.3.jar:6.2.3]
	at org.springframework.beans.factory.support.AbstractAutowireCapableBeanFactory.determineConstructorsFromBeanPostProcessors(AbstractAutowireCapableBeanFactory.java:1320) ~[spring-beans-6.2.3.jar:6.2.3]
	at org.springframework.beans.factory.support.AbstractAutowireCapableBeanFactory.createBeanInstance(AbstractAutowireCapableBeanFactory.java:1215) ~[spring-beans-6.2.3.jar:6.2.3]
	at org.springframework.beans.factory.support.AbstractAutowireCapableBeanFactory.doCreateBean(AbstractAutowireCapableBeanFactory.java:563) ~[spring-beans-6.2.3.jar:6.2.3]
	at org.springframework.beans.factory.support.AbstractAutowireCapableBeanFactory.createBean(AbstractAutowireCapableBeanFactory.java:523) ~[spring-beans-6.2.3.jar:6.2.3]
	at org.springframework.beans.factory.support.AbstractBeanFactory.lambda$doGetBean$0(AbstractBeanFactory.java:339) ~[spring-beans-6.2.3.jar:6.2.3]
	at org.springframework.beans.factory.support.DefaultSingletonBeanRegistry.getSingleton(DefaultSingletonBeanRegistry.java:346) ~[spring-beans-6.2.3.jar:6.2.3]
	at org.springframework.beans.factory.support.AbstractBeanFactory.doGetBean(AbstractBeanFactory.java:337) ~[spring-beans-6.2.3.jar:6.2.3]
	at org.springframework.beans.factory.support.AbstractBeanFactory.getBean(AbstractBeanFactory.java:202) ~[spring-beans-6.2.3.jar:6.2.3]
	at org.springframework.beans.factory.support.DefaultListableBeanFactory.instantiateSingleton(DefaultListableBeanFactory.java:1155) ~[spring-beans-6.2.3.jar:6.2.3]
	at org.springframework.beans.factory.support.DefaultListableBeanFactory.preInstantiateSingleton(DefaultListableBeanFactory.java:1121) ~[spring-beans-6.2.3.jar:6.2.3]
	at org.springframework.beans.factory.support.DefaultListableBeanFactory.preInstantiateSingletons(DefaultListableBeanFactory.java:1056) ~[spring-beans-6.2.3.jar:6.2.3]
	at org.springframework.context.support.AbstractApplicationContext.finishBeanFactoryInitialization(AbstractApplicationContext.java:987) ~[spring-context-6.2.3.jar:6.2.3]
	at org.springframework.context.support.AbstractApplicationContext.refresh(AbstractApplicationContext.java:627) ~[spring-context-6.2.3.jar:6.2.3]
	at org.springframework.boot.web.servlet.context.ServletWebServerApplicationContext.refresh(ServletWebServerApplicationContext.java:146) ~[spring-boot-3.4.3.jar:3.4.3]
	at org.springframework.boot.SpringApplication.refresh(SpringApplication.java:752) ~[spring-boot-3.4.3.jar:3.4.3]
	at org.springframework.boot.SpringApplication.refreshContext(SpringApplication.java:439) ~[spring-boot-3.4.3.jar:3.4.3]
	at org.springframework.boot.SpringApplication.run(SpringApplication.java:318) ~[spring-boot-3.4.3.jar:3.4.3]
	at org.springframework.boot.SpringApplication.run(SpringApplication.java:1361) ~[spring-boot-3.4.3.jar:3.4.3]
	at org.springframework.boot.SpringApplication.run(SpringApplication.java:1350) ~[spring-boot-3.4.3.jar:3.4.3]
	at com.bridgelabz.employeepayrollapp.EmployeePayrollAppApplication.main(EmployeePayrollAppApplication.java:15) ~[classes/:na]
	at java.base/jdk.internal.reflect.DirectMethodHandleAccessor.invoke(DirectMethodHandleAccessor.java:103) ~[na:na]
	at java.base/java.lang.reflect.Method.invoke(Method.java:580) ~[na:na]
	at org.springframework.boot.devtools.restart.RestartLauncher.run(RestartLauncher.java:50) ~[spring-boot-devtools-3.4.3.jar:3.4.3]
Caused by: java.lang.IllegalStateException: Failed to introspect Class [com.bridgelabz.employeepayrollapp.controller.EmployeeRestController] from ClassLoader [org.springframework.boot.devtools.restart.classloader.RestartClassLoader@414821]
	at org.springframework.util.ReflectionUtils.getDeclaredMethods(ReflectionUtils.java:483) ~[spring-core-6.2.3.jar:6.2.3]
	at org.springframework.util.ReflectionUtils.doWithLocalMethods(ReflectionUtils.java:320) ~[spring-core-6.2.3.jar:6.2.3]
	at org.springframework.beans.factory.annotation.AutowiredAnnotationBeanPostProcessor.checkLookupMethods(AutowiredAnnotationBeanPostProcessor.java:476) ~[spring-beans-6.2.3.jar:6.2.3]
	... 24 common frames omitted
Caused by: java.lang.NoClassDefFoundError: EmployeeDTO
	at java.base/java.lang.Class.getDeclaredMethods0(Native Method) ~[na:na]
	at java.base/java.lang.Class.privateGetDeclaredMethods(Class.java:3650) ~[na:na]
	at java.base/java.lang.Class.getDeclaredMethods(Class.java:2735) ~[na:na]
	at org.springframework.util.ReflectionUtils.getDeclaredMethods(ReflectionUtils.java:465) ~[spring-core-6.2.3.jar:6.2.3]
	... 26 common frames omitted
Caused by: java.lang.ClassNotFoundException: EmployeeDTO
	at java.base/jdk.internal.loader.BuiltinClassLoader.loadClass(BuiltinClassLoader.java:641) ~[na:na]
	at java.base/jdk.internal.loader.ClassLoaders$AppClassLoader.loadClass(ClassLoaders.java:188) ~[na:na]
	at java.base/java.lang.ClassLoader.loadClass(ClassLoader.java:528) ~[na:na]
	at java.base/java.lang.Class.forName0(Native Method) ~[na:na]
	at java.base/java.lang.Class.forName(Class.java:578) ~[na:na]
	at java.base/java.lang.Class.forName(Class.java:557) ~[na:na]
	at org.springframework.boot.devtools.restart.classloader.RestartClassLoader.loadClass(RestartClassLoader.java:121) ~[spring-boot-devtools-3.4.3.jar:3.4.3]
	at java.base/java.lang.ClassLoader.loadClass(ClassLoader.java:528) ~[na:na]
	... 30 common frames omitted

2025-03-02T01:33:28.929+05:30  INFO 11772 --- [EmployeePayrollApp] [restartedMain] c.b.e.EmployeePayrollAppApplication      : Starting EmployeePayrollAppApplication using Java 23.0.1 with PID 11772 (C:\Spring Employee Payroll App Development\EmployeePayrollApp\target\classes started by Asus in C:\Spring Employee Payroll App Development\EmployeePayrollApp)
2025-03-02T01:33:28.931+05:30 DEBUG 11772 --- [EmployeePayrollApp] [restartedMain] c.b.e.EmployeePayrollAppApplication      : Running with Spring Boot v3.4.3, Spring v6.2.3
2025-03-02T01:33:28.933+05:30  INFO 11772 --- [EmployeePayrollApp] [restartedMain] c.b.e.EmployeePayrollAppApplication      : The following 1 profile is active: "prod"
2025-03-02T01:33:30.687+05:30  INFO 11772 --- [EmployeePayrollApp] [restartedMain] o.apache.catalina.core.StandardService   : Starting service [Tomcat]
2025-03-02T01:33:30.687+05:30  INFO 11772 --- [EmployeePayrollApp] [restartedMain] o.apache.catalina.core.StandardEngine    : Starting Servlet engine: [Apache Tomcat/10.1.36]
2025-03-02T01:33:30.748+05:30  INFO 11772 --- [EmployeePayrollApp] [restartedMain] o.a.c.c.C.[Tomcat].[localhost].[/]       : Initializing Spring embedded WebApplicationContext
2025-03-02T01:33:30.938+05:30  INFO 11772 --- [EmployeePayrollApp] [restartedMain] o.hibernate.jpa.internal.util.LogHelper  : HHH000204: Processing PersistenceUnitInfo [name: default]
2025-03-02T01:33:31.041+05:30  INFO 11772 --- [EmployeePayrollApp] [restartedMain] org.hibernate.Version                    : HHH000412: Hibernate ORM core version 6.6.8.Final
2025-03-02T01:33:31.096+05:30  INFO 11772 --- [EmployeePayrollApp] [restartedMain] o.h.c.internal.RegionFactoryInitiator    : HHH000026: Second-level cache disabled
2025-03-02T01:33:31.551+05:30  INFO 11772 --- [EmployeePayrollApp] [restartedMain] com.zaxxer.hikari.HikariDataSource       : HikariPool-1 - Starting...
2025-03-02T01:33:32.196+05:30  INFO 11772 --- [EmployeePayrollApp] [restartedMain] com.zaxxer.hikari.pool.HikariPool        : HikariPool-1 - Added connection com.mysql.cj.jdbc.ConnectionImpl@689df9dd
2025-03-02T01:33:32.199+05:30  INFO 11772 --- [EmployeePayrollApp] [restartedMain] com.zaxxer.hikari.HikariDataSource       : HikariPool-1 - Start completed.
2025-03-02T01:33:32.322+05:30  INFO 11772 --- [EmployeePayrollApp] [restartedMain] org.hibernate.orm.connections.pooling    : HHH10001005: Database info:
	Database JDBC URL [Connecting through datasource 'HikariDataSource (HikariPool-1)']
	Database driver: undefined/unknown
	Database version: 8.0.41
	Autocommit mode: undefined/unknown
	Isolation level: undefined/unknown
	Minimum pool size: undefined/unknown
	Maximum pool size: undefined/unknown
2025-03-02T01:33:32.829+05:30  INFO 11772 --- [EmployeePayrollApp] [restartedMain] o.h.e.t.j.p.i.JtaPlatformInitiator       : HHH000489: No JTA platform available (set 'hibernate.transaction.jta.platform' to enable JTA platform integration)
2025-03-02T01:33:32.916+05:30  WARN 11772 --- [EmployeePayrollApp] [restartedMain] JpaBaseConfiguration$JpaWebConfiguration : spring.jpa.open-in-view is enabled by default. Therefore, database queries may be performed during view rendering. Explicitly configure spring.jpa.open-in-view to disable this warning
2025-03-02T01:33:33.251+05:30  WARN 11772 --- [EmployeePayrollApp] [restartedMain] ion$DefaultTemplateResolverConfiguration : Cannot find template location: classpath:/templates/ (please add some templates, check your Thymeleaf configuration, or set spring.thymeleaf.check-template-location=false)
2025-03-02T01:33:33.508+05:30  INFO 11772 --- [EmployeePayrollApp] [restartedMain] c.b.e.EmployeePayrollAppApplication      : Started EmployeePayrollAppApplication in 5.209 seconds (process running for 6.116)
2025-03-02T01:33:33.512+05:30  INFO 11772 --- [EmployeePayrollApp] [restartedMain] c.b.e.EmployeePayrollAppApplication      : Payroll App Started in COMMON Environment
2025-03-02T01:33:33.513+05:30  INFO 11772 --- [EmployeePayrollApp] [restartedMain] c.b.e.EmployeePayrollAppApplication      : Payroll DB User is payrolluser
2025-03-02T01:34:49.241+05:30  INFO 11772 --- [EmployeePayrollApp] [http-nio-8080-exec-1] o.a.c.c.C.[Tomcat].[localhost].[/]       : Initializing Spring DispatcherServlet 'dispatcherServlet'
2025-03-02T01:34:49.653+05:30  WARN 11772 --- [EmployeePayrollApp] [http-nio-8080-exec-1] .w.s.m.s.DefaultHandlerExceptionResolver : Resolved [org.springframework.web.bind.MethodArgumentNotValidException: Validation failed for argument [0] in public com.bridgelabz.employeepayrollapp.model.Employee com.bridgelabz.employeepayrollapp.controller.EmployeeRestController.createEmployee(com.bridgelabz.employeepayrollapp.dto.EmployeeDTO) with 3 errors: [Field error in object 'employeeDTO' on field 'salary': rejected value [0.0]; codes [Min.employeeDTO.salary,Min.salary,Min.double,Min]; arguments [org.springframework.context.support.DefaultMessageSourceResolvable: codes [employeeDTO.salary,salary]; arguments []; default message [salary],500]; default message [Min wage should be more than 500]] [Field error in object 'employeeDTO' on field 'departments': rejected value [null]; codes [NotEmpty.employeeDTO.departments,NotEmpty.departments,NotEmpty.java.util.List,NotEmpty]; arguments [org.springframework.context.support.DefaultMessageSourceResolvable: codes [employeeDTO.departments,departments]; arguments []; default message [departments]]; default message [Department list cannot be empty.]] [Field error in object 'employeeDTO' on field 'gender': rejected value [Male]; codes [Pattern.employeeDTO.gender,Pattern.gender,Pattern.java.lang.String,Pattern]; arguments [org.springframework.context.support.DefaultMessageSourceResolvable: codes [employeeDTO.gender,gender]; arguments []; default message [gender],[Ljakarta.validation.constraints.Pattern$Flag;@3de79ec2,^(male|female|other)$]; default message [Gender must be male, female, or other.]] ]
2025-03-02T01:35:46.247+05:30  WARN 11772 --- [EmployeePayrollApp] [http-nio-8080-exec-4] .m.m.a.ExceptionHandlerExceptionResolver : Resolved [org.springframework.http.converter.HttpMessageNotReadableException: JSON parse error: Cannot deserialize value of type `java.time.LocalDate` from String "2025-03-01": Failed to deserialize java.time.LocalDate: (java.time.format.DateTimeParseException) Text '2025-03-01' could not be parsed at index 2]
2025-03-02T01:36:04.446+05:30  WARN 11772 --- [EmployeePayrollApp] [http-nio-8080-exec-6] .m.m.a.ExceptionHandlerExceptionResolver : Resolved [org.springframework.http.converter.HttpMessageNotReadableException: JSON parse error: Cannot deserialize value of type `java.time.LocalDate` from String "02-12-2035": Failed to deserialize java.time.LocalDate: (java.time.format.DateTimeParseException) Text '02-12-2035' could not be parsed at index 2]
2025-03-02T01:36:12.856+05:30  WARN 11772 --- [EmployeePayrollApp] [http-nio-8080-exec-8] .m.m.a.ExceptionHandlerExceptionResolver : Resolved [org.springframework.http.converter.HttpMessageNotReadableException: JSON parse error: Cannot deserialize value of type `java.time.LocalDate` from String "02 12 2035": Failed to deserialize java.time.LocalDate: (java.time.format.DateTimeParseException) Text '02 12 2035' could not be parsed at index 3]
2025-03-02T01:36:47.053+05:30  WARN 11772 --- [EmployeePayrollApp] [http-nio-8080-exec-10] .m.m.a.ExceptionHandlerExceptionResolver : Resolved [org.springframework.http.converter.HttpMessageNotReadableException: JSON parse error: Cannot deserialize value of type `java.time.LocalDate` from String "28-01-2011": Failed to deserialize java.time.LocalDate: (java.time.format.DateTimeParseException) Text '28-01-2011' could not be parsed at index 2]
2025-03-02T01:37:11.656+05:30  INFO 11772 --- [EmployeePayrollApp] [http-nio-8080-exec-1] c.b.e.controller.EmployeeRestController  : Creating employee: EmployeeDTO(name=John Doe, salary=600.0, gender=male, startDate=2025-03-01, note=New Employee, profilePic=https://example.com/profile.jpg, departments=[HR, Finance])
2025-03-02T01:37:11.660+05:30  INFO 11772 --- [EmployeePayrollApp] [http-nio-8080-exec-1] c.b.e.service.EmployeeService            : Employee Created: Employee(id=1, name=John Doe, salary=600.0, gender=male, startDate=2025-03-01, note=New Employee, profilePic=https://example.com/profile.jpg, departments=[HR, Finance])
2025-03-02T01:37:30.085+05:30  WARN 11772 --- [EmployeePayrollApp] [http-nio-8080-exec-2] .w.s.m.s.DefaultHandlerExceptionResolver : Resolved [org.springframework.web.bind.MethodArgumentNotValidException: Validation failed for argument [0] in public com.bridgelabz.employeepayrollapp.model.Employee com.bridgelabz.employeepayrollapp.controller.EmployeeRestController.createEmployee(com.bridgelabz.employeepayrollapp.dto.EmployeeDTO): [Field error in object 'employeeDTO' on field 'salary': rejected value [100.0]; codes [Min.employeeDTO.salary,Min.salary,Min.double,Min]; arguments [org.springframework.context.support.DefaultMessageSourceResolvable: codes [employeeDTO.salary,salary]; arguments []; default message [salary],500]; default message [Min wage should be more than 500]] ]
2025-03-02T01:38:22.443+05:30  INFO 11772 --- [EmployeePayrollApp] [Thread-5] com.zaxxer.hikari.HikariDataSource       : HikariPool-1 - Shutdown initiated...
2025-03-02T01:38:22.455+05:30  INFO 11772 --- [EmployeePayrollApp] [Thread-5] com.zaxxer.hikari.HikariDataSource       : HikariPool-1 - Shutdown completed.
2025-03-02T01:38:22.554+05:30  INFO 11772 --- [EmployeePayrollApp] [restartedMain] c.b.e.EmployeePayrollAppApplication      : Starting EmployeePayrollAppApplication using Java 23.0.1 with PID 11772 (C:\Spring Employee Payroll App Development\EmployeePayrollApp\target\classes started by Asus in C:\Spring Employee Payroll App Development\EmployeePayrollApp)
2025-03-02T01:38:22.554+05:30 DEBUG 11772 --- [EmployeePayrollApp] [restartedMain] c.b.e.EmployeePayrollAppApplication      : Running with Spring Boot v3.4.3, Spring v6.2.3
2025-03-02T01:38:22.555+05:30  INFO 11772 --- [EmployeePayrollApp] [restartedMain] c.b.e.EmployeePayrollAppApplication      : The following 1 profile is active: "prod"
2025-03-02T01:38:22.903+05:30  INFO 11772 --- [EmployeePayrollApp] [restartedMain] o.apache.catalina.core.StandardService   : Starting service [Tomcat]
2025-03-02T01:38:22.903+05:30  INFO 11772 --- [EmployeePayrollApp] [restartedMain] o.apache.catalina.core.StandardEngine    : Starting Servlet engine: [Apache Tomcat/10.1.36]
2025-03-02T01:38:22.933+05:30  INFO 11772 --- [EmployeePayrollApp] [restartedMain] o.a.c.c.C.[Tomcat].[localhost].[/]       : Initializing Spring embedded WebApplicationContext
2025-03-02T01:38:22.988+05:30  INFO 11772 --- [EmployeePayrollApp] [restartedMain] o.hibernate.jpa.internal.util.LogHelper  : HHH000204: Processing PersistenceUnitInfo [name: default]
2025-03-02T01:38:22.995+05:30  INFO 11772 --- [EmployeePayrollApp] [restartedMain] o.h.c.internal.RegionFactoryInitiator    : HHH000026: Second-level cache disabled
2025-03-02T01:38:23.023+05:30  INFO 11772 --- [EmployeePayrollApp] [restartedMain] com.zaxxer.hikari.HikariDataSource       : HikariPool-2 - Starting...
2025-03-02T01:38:23.079+05:30  INFO 11772 --- [EmployeePayrollApp] [restartedMain] com.zaxxer.hikari.pool.HikariPool        : HikariPool-2 - Added connection com.mysql.cj.jdbc.ConnectionImpl@3d80a500
2025-03-02T01:38:23.080+05:30  INFO 11772 --- [EmployeePayrollApp] [restartedMain] com.zaxxer.hikari.HikariDataSource       : HikariPool-2 - Start completed.
2025-03-02T01:38:23.083+05:30  INFO 11772 --- [EmployeePayrollApp] [restartedMain] org.hibernate.orm.connections.pooling    : HHH10001005: Database info:
	Database JDBC URL [Connecting through datasource 'HikariDataSource (HikariPool-2)']
	Database driver: undefined/unknown
	Database version: 8.0.41
	Autocommit mode: undefined/unknown
	Isolation level: undefined/unknown
	Minimum pool size: undefined/unknown
	Maximum pool size: undefined/unknown
2025-03-02T01:38:23.118+05:30  INFO 11772 --- [EmployeePayrollApp] [restartedMain] o.h.e.t.j.p.i.JtaPlatformInitiator       : HHH000489: No JTA platform available (set 'hibernate.transaction.jta.platform' to enable JTA platform integration)
2025-03-02T01:38:23.172+05:30  WARN 11772 --- [EmployeePayrollApp] [restartedMain] JpaBaseConfiguration$JpaWebConfiguration : spring.jpa.open-in-view is enabled by default. Therefore, database queries may be performed during view rendering. Explicitly configure spring.jpa.open-in-view to disable this warning
2025-03-02T01:38:23.442+05:30  WARN 11772 --- [EmployeePayrollApp] [restartedMain] ion$DefaultTemplateResolverConfiguration : Cannot find template location: classpath:/templates/ (please add some templates, check your Thymeleaf configuration, or set spring.thymeleaf.check-template-location=false)
2025-03-02T01:38:23.621+05:30  INFO 11772 --- [EmployeePayrollApp] [restartedMain] c.b.e.EmployeePayrollAppApplication      : Started EmployeePayrollAppApplication in 1.106 seconds (process running for 296.23)
2025-03-02T01:38:23.632+05:30  INFO 11772 --- [EmployeePayrollApp] [restartedMain] c.b.e.EmployeePayrollAppApplication      : Payroll App Started in COMMON Environment
2025-03-02T01:38:23.633+05:30  INFO 11772 --- [EmployeePayrollApp] [restartedMain] c.b.e.EmployeePayrollAppApplication      : Payroll DB User is payrolluser
2025-03-02T01:38:25.071+05:30  INFO 11772 --- [EmployeePayrollApp] [Thread-7] com.zaxxer.hikari.HikariDataSource       : HikariPool-2 - Shutdown initiated...
2025-03-02T01:38:25.089+05:30  INFO 11772 --- [EmployeePayrollApp] [Thread-7] com.zaxxer.hikari.HikariDataSource       : HikariPool-2 - Shutdown completed.
2025-03-02T01:38:25.199+05:30  INFO 11772 --- [EmployeePayrollApp] [restartedMain] c.b.e.EmployeePayrollAppApplication      : Starting EmployeePayrollAppApplication using Java 23.0.1 with PID 11772 (C:\Spring Employee Payroll App Development\EmployeePayrollApp\target\classes started by Asus in C:\Spring Employee Payroll App Development\EmployeePayrollApp)
2025-03-02T01:38:25.200+05:30 DEBUG 11772 --- [EmployeePayrollApp] [restartedMain] c.b.e.EmployeePayrollAppApplication      : Running with Spring Boot v3.4.3, Spring v6.2.3
2025-03-02T01:38:25.200+05:30  INFO 11772 --- [EmployeePayrollApp] [restartedMain] c.b.e.EmployeePayrollAppApplication      : The following 1 profile is active: "prod"
2025-03-02T01:38:25.568+05:30  INFO 11772 --- [EmployeePayrollApp] [restartedMain] o.apache.catalina.core.StandardService   : Starting service [Tomcat]
2025-03-02T01:38:25.569+05:30  INFO 11772 --- [EmployeePayrollApp] [restartedMain] o.apache.catalina.core.StandardEngine    : Starting Servlet engine: [Apache Tomcat/10.1.36]
2025-03-02T01:38:25.600+05:30  INFO 11772 --- [EmployeePayrollApp] [restartedMain] o.a.c.c.C.[Tomcat].[localhost].[/]       : Initializing Spring embedded WebApplicationContext
2025-03-02T01:38:25.641+05:30  INFO 11772 --- [EmployeePayrollApp] [restartedMain] o.hibernate.jpa.internal.util.LogHelper  : HHH000204: Processing PersistenceUnitInfo [name: default]
2025-03-02T01:38:25.645+05:30  INFO 11772 --- [EmployeePayrollApp] [restartedMain] o.h.c.internal.RegionFactoryInitiator    : HHH000026: Second-level cache disabled
2025-03-02T01:38:25.661+05:30  INFO 11772 --- [EmployeePayrollApp] [restartedMain] com.zaxxer.hikari.HikariDataSource       : HikariPool-3 - Starting...
2025-03-02T01:38:25.685+05:30  INFO 11772 --- [EmployeePayrollApp] [restartedMain] com.zaxxer.hikari.pool.HikariPool        : HikariPool-3 - Added connection com.mysql.cj.jdbc.ConnectionImpl@46bfcfd
2025-03-02T01:38:25.685+05:30  INFO 11772 --- [EmployeePayrollApp] [restartedMain] com.zaxxer.hikari.HikariDataSource       : HikariPool-3 - Start completed.
2025-03-02T01:38:25.687+05:30  INFO 11772 --- [EmployeePayrollApp] [restartedMain] org.hibernate.orm.connections.pooling    : HHH10001005: Database info:
	Database JDBC URL [Connecting through datasource 'HikariDataSource (HikariPool-3)']
	Database driver: undefined/unknown
	Database version: 8.0.41
	Autocommit mode: undefined/unknown
	Isolation level: undefined/unknown
	Minimum pool size: undefined/unknown
	Maximum pool size: undefined/unknown
2025-03-02T01:38:25.709+05:30  INFO 11772 --- [EmployeePayrollApp] [restartedMain] o.h.e.t.j.p.i.JtaPlatformInitiator       : HHH000489: No JTA platform available (set 'hibernate.transaction.jta.platform' to enable JTA platform integration)
2025-03-02T01:38:25.736+05:30  WARN 11772 --- [EmployeePayrollApp] [restartedMain] JpaBaseConfiguration$JpaWebConfiguration : spring.jpa.open-in-view is enabled by default. Therefore, database queries may be performed during view rendering. Explicitly configure spring.jpa.open-in-view to disable this warning
2025-03-02T01:38:25.810+05:30  WARN 11772 --- [EmployeePayrollApp] [restartedMain] ion$DefaultTemplateResolverConfiguration : Cannot find template location: classpath:/templates/ (please add some templates, check your Thymeleaf configuration, or set spring.thymeleaf.check-template-location=false)
2025-03-02T01:38:25.895+05:30  INFO 11772 --- [EmployeePayrollApp] [restartedMain] c.b.e.EmployeePayrollAppApplication      : Started EmployeePayrollAppApplication in 0.737 seconds (process running for 298.503)
2025-03-02T01:38:25.897+05:30  INFO 11772 --- [EmployeePayrollApp] [restartedMain] c.b.e.EmployeePayrollAppApplication      : Payroll App Started in COMMON Environment
2025-03-02T01:38:25.897+05:30  INFO 11772 --- [EmployeePayrollApp] [restartedMain] c.b.e.EmployeePayrollAppApplication      : Payroll DB User is payrolluser
2025-03-02T01:38:29.993+05:30  INFO 11772 --- [EmployeePayrollApp] [http-nio-8080-exec-2] o.a.c.c.C.[Tomcat].[localhost].[/]       : Initializing Spring DispatcherServlet 'dispatcherServlet'
2025-03-02T01:38:30.023+05:30  WARN 11772 --- [EmployeePayrollApp] [http-nio-8080-exec-2] .w.s.m.s.DefaultHandlerExceptionResolver : Resolved [org.springframework.web.bind.MethodArgumentNotValidException: Validation failed for argument [0] in public com.bridgelabz.employeepayrollapp.model.Employee com.bridgelabz.employeepayrollapp.controller.EmployeeRestController.createEmployee(com.bridgelabz.employeepayrollapp.dto.EmployeeDTO): [Field error in object 'employeeDTO' on field 'salary': rejected value [100.0]; codes [Min.employeeDTO.salary,Min.salary,Min.double,Min]; arguments [org.springframework.context.support.DefaultMessageSourceResolvable: codes [employeeDTO.salary,salary]; arguments []; default message [salary],500]; default message [Min wage should be more than 500]] ]
2025-03-02T01:38:39.298+05:30  INFO 11772 --- [EmployeePayrollApp] [http-nio-8080-exec-4] c.b.e.controller.EmployeeRestController  : Creating employee: EmployeeDTO(name=John Doe, salary=899.0, gender=male, startDate=2025-03-01, note=New Employee, profilePic=https://example.com/profile.jpg, departments=[HR, Finance])
2025-03-02T01:38:39.302+05:30  INFO 11772 --- [EmployeePayrollApp] [http-nio-8080-exec-4] c.b.e.service.EmployeeService            : Employee Created: Employee(id=1, name=John Doe, salary=899.0, gender=male, startDate=2025-03-01, note=New Employee, profilePic=https://example.com/profile.jpg, departments=[HR, Finance])
2025-03-02T01:38:54.145+05:30  WARN 11772 --- [EmployeePayrollApp] [http-nio-8080-exec-6] .w.s.m.s.DefaultHandlerExceptionResolver : Resolved [org.springframework.web.bind.MethodArgumentNotValidException: Validation failed for argument [0] in public com.bridgelabz.employeepayrollapp.model.Employee com.bridgelabz.employeepayrollapp.controller.EmployeeRestController.createEmployee(com.bridgelabz.employeepayrollapp.dto.EmployeeDTO): [Field error in object 'employeeDTO' on field 'gender': rejected value [hello]; codes [Pattern.employeeDTO.gender,Pattern.gender,Pattern.java.lang.String,Pattern]; arguments [org.springframework.context.support.DefaultMessageSourceResolvable: codes [employeeDTO.gender,gender]; arguments []; default message [gender],[Ljakarta.validation.constraints.Pattern$Flag;@3de79ec2,^(male|female|other)$]; default message [Gender must be male, female, or other.]] ]
2025-03-02T01:40:56.385+05:30  INFO 11772 --- [EmployeePayrollApp] [RMI TCP Connection(11)-127.0.0.1] com.zaxxer.hikari.HikariDataSource       : HikariPool-3 - Shutdown initiated...
2025-03-02T01:40:56.391+05:30  INFO 11772 --- [EmployeePayrollApp] [RMI TCP Connection(11)-127.0.0.1] com.zaxxer.hikari.HikariDataSource       : HikariPool-3 - Shutdown completed.
2025-03-02T01:41:04.399+05:30  INFO 25904 --- [EmployeePayrollApp] [restartedMain] c.b.e.EmployeePayrollAppApplication      : Starting EmployeePayrollAppApplication using Java 23.0.1 with PID 25904 (C:\Spring Employee Payroll App Development\EmployeePayrollApp\target\classes started by Asus in C:\Spring Employee Payroll App Development\EmployeePayrollApp)
2025-03-02T01:41:04.402+05:30 DEBUG 25904 --- [EmployeePayrollApp] [restartedMain] c.b.e.EmployeePayrollAppApplication      : Running with Spring Boot v3.4.3, Spring v6.2.3
2025-03-02T01:41:04.403+05:30  INFO 25904 --- [EmployeePayrollApp] [restartedMain] c.b.e.EmployeePayrollAppApplication      : The following 1 profile is active: "prod"
2025-03-02T01:41:06.083+05:30  INFO 25904 --- [EmployeePayrollApp] [restartedMain] o.apache.catalina.core.StandardService   : Starting service [Tomcat]
2025-03-02T01:41:06.084+05:30  INFO 25904 --- [EmployeePayrollApp] [restartedMain] o.apache.catalina.core.StandardEngine    : Starting Servlet engine: [Apache Tomcat/10.1.36]
2025-03-02T01:41:06.146+05:30  INFO 25904 --- [EmployeePayrollApp] [restartedMain] o.a.c.c.C.[Tomcat].[localhost].[/]       : Initializing Spring embedded WebApplicationContext
2025-03-02T01:41:06.337+05:30  INFO 25904 --- [EmployeePayrollApp] [restartedMain] o.hibernate.jpa.internal.util.LogHelper  : HHH000204: Processing PersistenceUnitInfo [name: default]
2025-03-02T01:41:06.432+05:30  INFO 25904 --- [EmployeePayrollApp] [restartedMain] org.hibernate.Version                    : HHH000412: Hibernate ORM core version 6.6.8.Final
2025-03-02T01:41:06.481+05:30  INFO 25904 --- [EmployeePayrollApp] [restartedMain] o.h.c.internal.RegionFactoryInitiator    : HHH000026: Second-level cache disabled
2025-03-02T01:41:06.847+05:30  INFO 25904 --- [EmployeePayrollApp] [restartedMain] com.zaxxer.hikari.HikariDataSource       : HikariPool-1 - Starting...
2025-03-02T01:41:07.479+05:30  INFO 25904 --- [EmployeePayrollApp] [restartedMain] com.zaxxer.hikari.pool.HikariPool        : HikariPool-1 - Added connection com.mysql.cj.jdbc.ConnectionImpl@42f828f8
2025-03-02T01:41:07.483+05:30  INFO 25904 --- [EmployeePayrollApp] [restartedMain] com.zaxxer.hikari.HikariDataSource       : HikariPool-1 - Start completed.
2025-03-02T01:41:07.595+05:30  INFO 25904 --- [EmployeePayrollApp] [restartedMain] org.hibernate.orm.connections.pooling    : HHH10001005: Database info:
	Database JDBC URL [Connecting through datasource 'HikariDataSource (HikariPool-1)']
	Database driver: undefined/unknown
	Database version: 8.0.41
	Autocommit mode: undefined/unknown
	Isolation level: undefined/unknown
	Minimum pool size: undefined/unknown
	Maximum pool size: undefined/unknown
2025-03-02T01:41:08.066+05:30  INFO 25904 --- [EmployeePayrollApp] [restartedMain] o.h.e.t.j.p.i.JtaPlatformInitiator       : HHH000489: No JTA platform available (set 'hibernate.transaction.jta.platform' to enable JTA platform integration)
2025-03-02T01:41:08.161+05:30  WARN 25904 --- [EmployeePayrollApp] [restartedMain] JpaBaseConfiguration$JpaWebConfiguration : spring.jpa.open-in-view is enabled by default. Therefore, database queries may be performed during view rendering. Explicitly configure spring.jpa.open-in-view to disable this warning
2025-03-02T01:41:08.448+05:30  WARN 25904 --- [EmployeePayrollApp] [restartedMain] ion$DefaultTemplateResolverConfiguration : Cannot find template location: classpath:/templates/ (please add some templates, check your Thymeleaf configuration, or set spring.thymeleaf.check-template-location=false)
2025-03-02T01:41:08.693+05:30  INFO 25904 --- [EmployeePayrollApp] [restartedMain] c.b.e.EmployeePayrollAppApplication      : Started EmployeePayrollAppApplication in 4.893 seconds (process running for 5.827)
2025-03-02T01:41:08.697+05:30  INFO 25904 --- [EmployeePayrollApp] [restartedMain] c.b.e.EmployeePayrollAppApplication      : Payroll App Started in COMMON Environment
2025-03-02T01:41:08.698+05:30  INFO 25904 --- [EmployeePayrollApp] [restartedMain] c.b.e.EmployeePayrollAppApplication      : Payroll DB User is payrolluser
2025-03-02T01:41:13.005+05:30  INFO 25904 --- [EmployeePayrollApp] [http-nio-8080-exec-1] o.a.c.c.C.[Tomcat].[localhost].[/]       : Initializing Spring DispatcherServlet 'dispatcherServlet'
2025-03-02T01:41:13.318+05:30  WARN 25904 --- [EmployeePayrollApp] [http-nio-8080-exec-1] .m.m.a.ExceptionHandlerExceptionResolver : Resolved [org.springframework.web.bind.MethodArgumentNotValidException: Validation failed for argument [0] in public com.bridgelabz.employeepayrollapp.model.Employee com.bridgelabz.employeepayrollapp.controller.EmployeeRestController.createEmployee(com.bridgelabz.employeepayrollapp.dto.EmployeeDTO): [Field error in object 'employeeDTO' on field 'gender': rejected value [hello]; codes [Pattern.employeeDTO.gender,Pattern.gender,Pattern.java.lang.String,Pattern]; arguments [org.springframework.context.support.DefaultMessageSourceResolvable: codes [employeeDTO.gender,gender]; arguments []; default message [gender],[Ljakarta.validation.constraints.Pattern$Flag;@2e7536a1,^(male|female|other)$]; default message [Gender must be male, female, or other.]] ]
2025-03-02T01:41:22.241+05:30  WARN 25904 --- [EmployeePayrollApp] [http-nio-8080-exec-4] .m.m.a.ExceptionHandlerExceptionResolver : Resolved [org.springframework.web.bind.MethodArgumentNotValidException: Validation failed for argument [0] in public com.bridgelabz.employeepayrollapp.model.Employee com.bridgelabz.employeepayrollapp.controller.EmployeeRestController.createEmployee(com.bridgelabz.employeepayrollapp.dto.EmployeeDTO) with 2 errors: [Field error in object 'employeeDTO' on field 'name': rejected value [J]; codes [Pattern.employeeDTO.name,Pattern.name,Pattern.java.lang.String,Pattern]; arguments [org.springframework.context.support.DefaultMessageSourceResolvable: codes [employeeDTO.name,name]; arguments []; default message [name],[Ljakarta.validation.constraints.Pattern$Flag;@2e7536a1,^[A-Za-z ]{3,50}$]; default message [Name must contain only letters and spaces (3-50 characters).]] [Field error in object 'employeeDTO' on field 'gender': rejected value [hello]; codes [Pattern.employeeDTO.gender,Pattern.gender,Pattern.java.lang.String,Pattern]; arguments [org.springframework.context.support.DefaultMessageSourceResolvable: codes [employeeDTO.gender,gender]; arguments []; default message [gender],[Ljakarta.validation.constraints.Pattern$Flag;@2e7536a1,^(male|female|other)$]; default message [Gender must be male, female, or other.]] ]
2025-03-02T01:41:31.339+05:30  WARN 25904 --- [EmployeePayrollApp] [http-nio-8080-exec-6] .m.m.a.ExceptionHandlerExceptionResolver : Resolved [org.springframework.web.bind.MethodArgumentNotValidException: Validation failed for argument [0] in public com.bridgelabz.employeepayrollapp.model.Employee com.bridgelabz.employeepayrollapp.controller.EmployeeRestController.createEmployee(com.bridgelabz.employeepayrollapp.dto.EmployeeDTO) with 3 errors: [Field error in object 'employeeDTO' on field 'gender': rejected value [hello]; codes [Pattern.employeeDTO.gender,Pattern.gender,Pattern.java.lang.String,Pattern]; arguments [org.springframework.context.support.DefaultMessageSourceResolvable: codes [employeeDTO.gender,gender]; arguments []; default message [gender],[Ljakarta.validation.constraints.Pattern$Flag;@2e7536a1,^(male|female|other)$]; default message [Gender must be male, female, or other.]] [Field error in object 'employeeDTO' on field 'name': rejected value [J]; codes [Pattern.employeeDTO.name,Pattern.name,Pattern.java.lang.String,Pattern]; arguments [org.springframework.context.support.DefaultMessageSourceResolvable: codes [employeeDTO.name,name]; arguments []; default message [name],[Ljakarta.validation.constraints.Pattern$Flag;@2e7536a1,^[A-Za-z ]{3,50}$]; default message [Name must contain only letters and spaces (3-50 characters).]] [Field error in object 'employeeDTO' on field 'salary': rejected value [89.0]; codes [Min.employeeDTO.salary,Min.salary,Min.double,Min]; arguments [org.springframework.context.support.DefaultMessageSourceResolvable: codes [employeeDTO.salary,salary]; arguments []; default message [salary],500]; default message [Min wage should be more than 500]] ]
2025-03-02T01:41:46.098+05:30  WARN 25904 --- [EmployeePayrollApp] [http-nio-8080-exec-8] .w.s.m.s.DefaultHandlerExceptionResolver : Resolved [org.springframework.http.converter.HttpMessageNotReadableException: JSON parse error: Cannot deserialize value of type `java.time.LocalDate` from String "01 03 2025": Failed to deserialize java.time.LocalDate: (java.time.format.DateTimeParseException) Text '01 03 2025' could not be parsed at index 3]
2025-03-02T01:42:04.539+05:30  INFO 25904 --- [EmployeePayrollApp] [http-nio-8080-exec-10] c.b.e.controller.EmployeeRestController  : Creating employee: EmployeeDTO(name=John Doe, salary=899.0, gender=male, startDate=2025-03-01, note=New Employee, profilePic=https://example.com/profile.jpg, departments=[HR, Finance])
2025-03-02T01:42:04.542+05:30  INFO 25904 --- [EmployeePayrollApp] [http-nio-8080-exec-10] c.b.e.service.EmployeeService            : Employee Created: Employee(id=1, name=John Doe, salary=899.0, gender=male, startDate=2025-03-01, note=New Employee, profilePic=https://example.com/profile.jpg, departments=[HR, Finance])
2025-03-02T01:44:03.583+05:30  INFO 25904 --- [EmployeePayrollApp] [Thread-5] com.zaxxer.hikari.HikariDataSource       : HikariPool-1 - Shutdown initiated...
2025-03-02T01:44:03.620+05:30  INFO 25904 --- [EmployeePayrollApp] [Thread-5] com.zaxxer.hikari.HikariDataSource       : HikariPool-1 - Shutdown completed.
2025-03-02T01:44:03.888+05:30  INFO 25904 --- [EmployeePayrollApp] [restartedMain] c.b.e.EmployeePayrollAppApplication      : Starting EmployeePayrollAppApplication using Java 23.0.1 with PID 25904 (C:\Spring Employee Payroll App Development\EmployeePayrollApp\target\classes started by Asus in C:\Spring Employee Payroll App Development\EmployeePayrollApp)
2025-03-02T01:44:03.890+05:30 DEBUG 25904 --- [EmployeePayrollApp] [restartedMain] c.b.e.EmployeePayrollAppApplication      : Running with Spring Boot v3.4.3, Spring v6.2.3
2025-03-02T01:44:03.890+05:30  INFO 25904 --- [EmployeePayrollApp] [restartedMain] c.b.e.EmployeePayrollAppApplication      : The following 1 profile is active: "prod"
2025-03-02T01:44:04.823+05:30  INFO 25904 --- [EmployeePayrollApp] [restartedMain] o.apache.catalina.core.StandardService   : Starting service [Tomcat]
2025-03-02T01:44:04.823+05:30  INFO 25904 --- [EmployeePayrollApp] [restartedMain] o.apache.catalina.core.StandardEngine    : Starting Servlet engine: [Apache Tomcat/10.1.36]
2025-03-02T01:44:04.874+05:30  INFO 25904 --- [EmployeePayrollApp] [restartedMain] o.a.c.c.C.[Tomcat].[localhost].[/]       : Initializing Spring embedded WebApplicationContext
2025-03-02T01:44:04.934+05:30  INFO 25904 --- [EmployeePayrollApp] [restartedMain] o.hibernate.jpa.internal.util.LogHelper  : HHH000204: Processing PersistenceUnitInfo [name: default]
2025-03-02T01:44:04.940+05:30  INFO 25904 --- [EmployeePayrollApp] [restartedMain] o.h.c.internal.RegionFactoryInitiator    : HHH000026: Second-level cache disabled
2025-03-02T01:44:04.962+05:30  INFO 25904 --- [EmployeePayrollApp] [restartedMain] com.zaxxer.hikari.HikariDataSource       : HikariPool-2 - Starting...
2025-03-02T01:44:05.005+05:30  INFO 25904 --- [EmployeePayrollApp] [restartedMain] com.zaxxer.hikari.pool.HikariPool        : HikariPool-2 - Added connection com.mysql.cj.jdbc.ConnectionImpl@58a58aba
2025-03-02T01:44:05.006+05:30  INFO 25904 --- [EmployeePayrollApp] [restartedMain] com.zaxxer.hikari.HikariDataSource       : HikariPool-2 - Start completed.
2025-03-02T01:44:05.009+05:30  INFO 25904 --- [EmployeePayrollApp] [restartedMain] org.hibernate.orm.connections.pooling    : HHH10001005: Database info:
	Database JDBC URL [Connecting through datasource 'HikariDataSource (HikariPool-2)']
	Database driver: undefined/unknown
	Database version: 8.0.41
	Autocommit mode: undefined/unknown
	Isolation level: undefined/unknown
	Minimum pool size: undefined/unknown
	Maximum pool size: undefined/unknown
2025-03-02T01:44:05.050+05:30  INFO 25904 --- [EmployeePayrollApp] [restartedMain] o.h.e.t.j.p.i.JtaPlatformInitiator       : HHH000489: No JTA platform available (set 'hibernate.transaction.jta.platform' to enable JTA platform integration)
2025-03-02T01:44:05.107+05:30  WARN 25904 --- [EmployeePayrollApp] [restartedMain] JpaBaseConfiguration$JpaWebConfiguration : spring.jpa.open-in-view is enabled by default. Therefore, database queries may be performed during view rendering. Explicitly configure spring.jpa.open-in-view to disable this warning
2025-03-02T01:44:05.263+05:30  WARN 25904 --- [EmployeePayrollApp] [restartedMain] ion$DefaultTemplateResolverConfiguration : Cannot find template location: classpath:/templates/ (please add some templates, check your Thymeleaf configuration, or set spring.thymeleaf.check-template-location=false)
2025-03-02T01:44:05.359+05:30  INFO 25904 --- [EmployeePayrollApp] [restartedMain] c.b.e.EmployeePayrollAppApplication      : Started EmployeePayrollAppApplication in 1.59 seconds (process running for 182.493)
2025-03-02T01:44:05.362+05:30  INFO 25904 --- [EmployeePayrollApp] [restartedMain] c.b.e.EmployeePayrollAppApplication      : Payroll App Started in COMMON Environment
2025-03-02T01:44:05.363+05:30  INFO 25904 --- [EmployeePayrollApp] [restartedMain] c.b.e.EmployeePayrollAppApplication      : Payroll DB User is payrolluser
2025-03-02T01:44:16.766+05:30  INFO 25904 --- [EmployeePayrollApp] [http-nio-8080-exec-2] o.a.c.c.C.[Tomcat].[localhost].[/]       : Initializing Spring DispatcherServlet 'dispatcherServlet'
2025-03-02T01:44:16.788+05:30  INFO 25904 --- [EmployeePayrollApp] [http-nio-8080-exec-2] c.b.e.controller.EmployeeRestController  : Creating employee: EmployeeDTO(name=John Doe, salary=899.0, gender=male, startDate=2025-03-01, note=New Employee, profilePic=https://example.com/profile.jpg, departments=[HR, Finance])
2025-03-02T01:44:16.791+05:30  INFO 25904 --- [EmployeePayrollApp] [http-nio-8080-exec-2] c.b.e.service.EmployeeService            : Employee Created: Employee(id=1, name=John Doe, salary=899.0, gender=male, startDate=2025-03-01, note=New Employee, profilePic=https://example.com/profile.jpg, departments=[HR, Finance])
2025-03-02T01:45:08.324+05:30  WARN 25904 --- [EmployeePayrollApp] [http-nio-8080-exec-3] .m.m.a.ExceptionHandlerExceptionResolver : Resolved [org.springframework.web.bind.MethodArgumentNotValidException: Validation failed for argument [0] in public com.bridgelabz.employeepayrollapp.model.Employee com.bridgelabz.employeepayrollapp.controller.EmployeeRestController.createEmployee(com.bridgelabz.employeepayrollapp.dto.EmployeeDTO): [Field error in object 'employeeDTO' on field 'name': rejected value [J]; codes [Pattern.employeeDTO.name,Pattern.name,Pattern.java.lang.String,Pattern]; arguments [org.springframework.context.support.DefaultMessageSourceResolvable: codes [employeeDTO.name,name]; arguments []; default message [name],[Ljakarta.validation.constraints.Pattern$Flag;@2e7536a1,^[A-Za-z ]{3,50}$]; default message [Name must contain only letters and spaces (3-50 characters).]] ]
2025-03-02T01:45:23.091+05:30  WARN 25904 --- [EmployeePayrollApp] [http-nio-8080-exec-5] .m.m.a.ExceptionHandlerExceptionResolver : Resolved [org.springframework.web.bind.MethodArgumentNotValidException: Validation failed for argument [0] in public com.bridgelabz.employeepayrollapp.model.Employee com.bridgelabz.employeepayrollapp.controller.EmployeeRestController.createEmployee(com.bridgelabz.employeepayrollapp.dto.EmployeeDTO): [Field error in object 'employeeDTO' on field 'gender': rejected value [gina]; codes [Pattern.employeeDTO.gender,Pattern.gender,Pattern.java.lang.String,Pattern]; arguments [org.springframework.context.support.DefaultMessageSourceResolvable: codes [employeeDTO.gender,gender]; arguments []; default message [gender],[Ljakarta.validation.constraints.Pattern$Flag;@2e7536a1,^(male|female|other)$]; default message [Gender must be male, female, or other.]] ]
2025-03-02T01:45:26.679+05:30  INFO 25904 --- [EmployeePayrollApp] [RMI TCP Connection(8)-127.0.0.1] com.zaxxer.hikari.HikariDataSource       : HikariPool-2 - Shutdown initiated...
2025-03-02T01:45:26.687+05:30  INFO 25904 --- [EmployeePayrollApp] [RMI TCP Connection(8)-127.0.0.1] com.zaxxer.hikari.HikariDataSource       : HikariPool-2 - Shutdown completed.
