2025-02-24T23:43:29.949+05:30  INFO 16364 --- [EmployeePayrollApp] [restartedMain] c.b.e.EmployeePayrollAppApplication      : Starting EmployeePayrollAppApplication using Java 23.0.1 with PID 16364 (C:\Spring Employee Payroll App Development\EmployeePayrollApp\target\classes started by Asus in C:\Spring Employee Payroll App Development\EmployeePayrollApp)
2025-02-24T23:43:29.951+05:30 DEBUG 16364 --- [EmployeePayrollApp] [restartedMain] c.b.e.EmployeePayrollAppApplication      : Running with Spring Boot v3.4.3, Spring v6.2.3
2025-02-24T23:43:29.953+05:30  INFO 16364 --- [EmployeePayrollApp] [restartedMain] c.b.e.EmployeePayrollAppApplication      : No active profile set, falling back to 1 default profile: "default"
2025-02-24T23:43:30.034+05:30  INFO 16364 --- [EmployeePayrollApp] [restartedMain] .e.DevToolsPropertyDefaultsPostProcessor : Devtools property defaults active! Set 'spring.devtools.add-properties' to 'false' to disable
2025-02-24T23:43:30.035+05:30  INFO 16364 --- [EmployeePayrollApp] [restartedMain] .e.DevToolsPropertyDefaultsPostProcessor : For additional web related logging consider setting the 'logging.level.web' property to 'DEBUG'
2025-02-24T23:43:31.289+05:30  INFO 16364 --- [EmployeePayrollApp] [restartedMain] .s.d.r.c.RepositoryConfigurationDelegate : Bootstrapping Spring Data JPA repositories in DEFAULT mode.
2025-02-24T23:43:31.324+05:30  INFO 16364 --- [EmployeePayrollApp] [restartedMain] .s.d.r.c.RepositoryConfigurationDelegate : Finished Spring Data repository scanning in 19 ms. Found 0 JPA repository interfaces.
2025-02-24T23:43:32.044+05:30  INFO 16364 --- [EmployeePayrollApp] [restartedMain] o.s.b.w.embedded.tomcat.TomcatWebServer  : Tomcat initialized with port 8080 (http)
2025-02-24T23:43:32.072+05:30  INFO 16364 --- [EmployeePayrollApp] [restartedMain] o.apache.catalina.core.StandardService   : Starting service [Tomcat]
2025-02-24T23:43:32.073+05:30  INFO 16364 --- [EmployeePayrollApp] [restartedMain] o.apache.catalina.core.StandardEngine    : Starting Servlet engine: [Apache Tomcat/10.1.36]
2025-02-24T23:43:32.159+05:30  INFO 16364 --- [EmployeePayrollApp] [restartedMain] o.a.c.c.C.[Tomcat].[localhost].[/]       : Initializing Spring embedded WebApplicationContext
2025-02-24T23:43:32.160+05:30  INFO 16364 --- [EmployeePayrollApp] [restartedMain] w.s.c.ServletWebServerApplicationContext : Root WebApplicationContext: initialization completed in 2125 ms
2025-02-24T23:43:32.367+05:30  INFO 16364 --- [EmployeePayrollApp] [restartedMain] o.hibernate.jpa.internal.util.LogHelper  : HHH000204: Processing PersistenceUnitInfo [name: default]
2025-02-24T23:43:32.442+05:30  INFO 16364 --- [EmployeePayrollApp] [restartedMain] org.hibernate.Version                    : HHH000412: Hibernate ORM core version 6.6.8.Final
2025-02-24T23:43:32.493+05:30  INFO 16364 --- [EmployeePayrollApp] [restartedMain] o.h.c.internal.RegionFactoryInitiator    : HHH000026: Second-level cache disabled
2025-02-24T23:43:32.856+05:30  INFO 16364 --- [EmployeePayrollApp] [restartedMain] o.s.o.j.p.SpringPersistenceUnitInfo      : No LoadTimeWeaver setup: ignoring JPA class transformer
2025-02-24T23:43:32.889+05:30  INFO 16364 --- [EmployeePayrollApp] [restartedMain] com.zaxxer.hikari.HikariDataSource       : HikariPool-1 - Starting...
2025-02-24T23:43:33.455+05:30  INFO 16364 --- [EmployeePayrollApp] [restartedMain] com.zaxxer.hikari.pool.HikariPool        : HikariPool-1 - Added connection com.mysql.cj.jdbc.ConnectionImpl@274d3086
2025-02-24T23:43:33.461+05:30  INFO 16364 --- [EmployeePayrollApp] [restartedMain] com.zaxxer.hikari.HikariDataSource       : HikariPool-1 - Start completed.
2025-02-24T23:43:33.575+05:30  INFO 16364 --- [EmployeePayrollApp] [restartedMain] org.hibernate.orm.connections.pooling    : HHH10001005: Database info:
	Database JDBC URL [Connecting through datasource 'HikariDataSource (HikariPool-1)']
	Database driver: undefined/unknown
	Database version: 8.0.41
	Autocommit mode: undefined/unknown
	Isolation level: undefined/unknown
	Minimum pool size: undefined/unknown
	Maximum pool size: undefined/unknown
2025-02-24T23:43:33.920+05:30  INFO 16364 --- [EmployeePayrollApp] [restartedMain] o.h.e.t.j.p.i.JtaPlatformInitiator       : HHH000489: No JTA platform available (set 'hibernate.transaction.jta.platform' to enable JTA platform integration)
2025-02-24T23:43:33.927+05:30  INFO 16364 --- [EmployeePayrollApp] [restartedMain] j.LocalContainerEntityManagerFactoryBean : Initialized JPA EntityManagerFactory for persistence unit 'default'
2025-02-24T23:43:33.992+05:30  WARN 16364 --- [EmployeePayrollApp] [restartedMain] JpaBaseConfiguration$JpaWebConfiguration : spring.jpa.open-in-view is enabled by default. Therefore, database queries may be performed during view rendering. Explicitly configure spring.jpa.open-in-view to disable this warning
2025-02-24T23:43:34.276+05:30  WARN 16364 --- [EmployeePayrollApp] [restartedMain] ion$DefaultTemplateResolverConfiguration : Cannot find template location: classpath:/templates/ (please add some templates, check your Thymeleaf configuration, or set spring.thymeleaf.check-template-location=false)
2025-02-24T23:43:34.440+05:30  INFO 16364 --- [EmployeePayrollApp] [restartedMain] o.s.b.d.a.OptionalLiveReloadServer       : LiveReload server is running on port 35729
2025-02-24T23:43:34.483+05:30  INFO 16364 --- [EmployeePayrollApp] [restartedMain] o.s.b.w.embedded.tomcat.TomcatWebServer  : Tomcat started on port 8080 (http) with context path '/'
2025-02-24T23:43:34.493+05:30  INFO 16364 --- [EmployeePayrollApp] [restartedMain] c.b.e.EmployeePayrollAppApplication      : Started EmployeePayrollAppApplication in 5.162 seconds (process running for 6.344)
2025-02-24T23:44:03.549+05:30  INFO 16364 --- [EmployeePayrollApp] [http-nio-8080-exec-2] o.a.c.c.C.[Tomcat].[localhost].[/]       : Initializing Spring DispatcherServlet 'dispatcherServlet'
2025-02-24T23:44:03.550+05:30  INFO 16364 --- [EmployeePayrollApp] [http-nio-8080-exec-2] o.s.web.servlet.DispatcherServlet        : Initializing Servlet 'dispatcherServlet'
2025-02-24T23:44:03.553+05:30  INFO 16364 --- [EmployeePayrollApp] [http-nio-8080-exec-2] o.s.web.servlet.DispatcherServlet        : Completed initialization in 2 ms
2025-02-24T23:44:03.792+05:30  INFO 16364 --- [EmployeePayrollApp] [http-nio-8080-exec-2] c.b.e.controller.EmployeeRestController  : Creating employee with Name: Jane Doe and Salary: 60000.0
2025-02-24T23:44:03.792+05:30  INFO 16364 --- [EmployeePayrollApp] [http-nio-8080-exec-2] c.b.e.service.EmployeeService            : Employee Created: Employee(id=1, name=Jane Doe, salary=60000.0)
2025-02-24T23:44:20.051+05:30  INFO 16364 --- [EmployeePayrollApp] [RMI TCP Connection(10)-127.0.0.1] inMXBeanRegistrar$SpringApplicationAdmin : Application shutdown requested.
2025-02-24T23:44:20.054+05:30  INFO 16364 --- [EmployeePayrollApp] [RMI TCP Connection(10)-127.0.0.1] o.s.b.w.e.tomcat.GracefulShutdown        : Commencing graceful shutdown. Waiting for active requests to complete
2025-02-24T23:44:20.060+05:30  INFO 16364 --- [EmployeePayrollApp] [tomcat-shutdown] o.s.b.w.e.tomcat.GracefulShutdown        : Graceful shutdown complete
2025-02-24T23:44:20.066+05:30  INFO 16364 --- [EmployeePayrollApp] [RMI TCP Connection(10)-127.0.0.1] j.LocalContainerEntityManagerFactoryBean : Closing JPA EntityManagerFactory for persistence unit 'default'
2025-02-24T23:44:20.071+05:30  INFO 16364 --- [EmployeePayrollApp] [RMI TCP Connection(10)-127.0.0.1] com.zaxxer.hikari.HikariDataSource       : HikariPool-1 - Shutdown initiated...
2025-02-24T23:44:20.083+05:30  INFO 16364 --- [EmployeePayrollApp] [RMI TCP Connection(10)-127.0.0.1] com.zaxxer.hikari.HikariDataSource       : HikariPool-1 - Shutdown completed.
